{"/home/srawlins/workspace/github/sean/morse-to-english/frontend/src/App.jsx": {"path":"/home/srawlins/workspace/github/sean/morse-to-english/frontend/src/App.jsx","statementMap":{"0":{"start":{"line":9,"column":2},"end":{"line":43,"column":4}},"1":{"start":{"line":30,"column":42},"end":{"line":30,"column":60}},"2":{"start":{"line":34,"column":42},"end":{"line":34,"column":60}}},"fnMap":{"0":{"name":"App","decl":{"start":{"line":8,"column":9},"end":{"line":8,"column":12}},"loc":{"start":{"line":8,"column":15},"end":{"line":44,"column":1}},"line":8},"1":{"name":"(anonymous_1)","decl":{"start":{"line":30,"column":35},"end":{"line":30,"column":36}},"loc":{"start":{"line":30,"column":42},"end":{"line":30,"column":60}},"line":30},"2":{"name":"(anonymous_2)","decl":{"start":{"line":34,"column":35},"end":{"line":34,"column":36}},"loc":{"start":{"line":34,"column":42},"end":{"line":34,"column":60}},"line":34}},"branchMap":{},"s":{"0":0,"1":0,"2":0},"f":{"0":0,"1":0,"2":0},"b":{}}
,"/home/srawlins/workspace/github/sean/morse-to-english/frontend/src/index.js": {"path":"/home/srawlins/workspace/github/sean/morse-to-english/frontend/src/index.js","statementMap":{"0":{"start":{"line":5,"column":13},"end":{"line":5,"column":65}},"1":{"start":{"line":6,"column":0},"end":{"line":10,"column":2}}},"fnMap":{},"branchMap":{},"s":{"0":0,"1":0},"f":{},"b":{}}
,"/home/srawlins/workspace/github/sean/morse-to-english/frontend/src/components/Header.jsx": {"path":"/home/srawlins/workspace/github/sean/morse-to-english/frontend/src/components/Header.jsx","statementMap":{"0":{"start":{"line":3,"column":15},"end":{"line":14,"column":1}},"1":{"start":{"line":4,"column":2},"end":{"line":13,"column":4}}},"fnMap":{"0":{"name":"(anonymous_0)","decl":{"start":{"line":3,"column":15},"end":{"line":3,"column":16}},"loc":{"start":{"line":3,"column":21},"end":{"line":14,"column":1}},"line":3}},"branchMap":{},"s":{"0":1,"1":8},"f":{"0":8},"b":{},"_coverageSchema":"1a1c01bbd47fc00a2c39e90264f33305004495a9","hash":"70cb0063e1a72223786cc6f9b6f1c40cd50f3d58"}
,"/home/srawlins/workspace/github/sean/morse-to-english/frontend/src/components/LoadingSpinner.jsx": {"path":"/home/srawlins/workspace/github/sean/morse-to-english/frontend/src/components/LoadingSpinner.jsx","statementMap":{"0":{"start":{"line":4,"column":23},"end":{"line":18,"column":1}},"1":{"start":{"line":5,"column":20},"end":{"line":5,"column":37}},"2":{"start":{"line":6,"column":21},"end":{"line":6,"column":39}},"3":{"start":{"line":8,"column":2},"end":{"line":17,"column":4}}},"fnMap":{"0":{"name":"(anonymous_0)","decl":{"start":{"line":4,"column":23},"end":{"line":4,"column":24}},"loc":{"start":{"line":4,"column":67},"end":{"line":18,"column":1}},"line":4}},"branchMap":{"0":{"loc":{"start":{"line":4,"column":26},"end":{"line":4,"column":41}},"type":"default-arg","locations":[{"start":{"line":4,"column":33},"end":{"line":4,"column":41}}],"line":4},"1":{"loc":{"start":{"line":4,"column":43},"end":{"line":4,"column":60}},"type":"default-arg","locations":[{"start":{"line":4,"column":51},"end":{"line":4,"column":60}}],"line":4}},"s":{"0":0,"1":0,"2":0,"3":0},"f":{"0":0},"b":{"0":[0],"1":[0]}}
,"/home/srawlins/workspace/github/sean/morse-to-english/frontend/src/components/MorseReference.jsx": {"path":"/home/srawlins/workspace/github/sean/morse-to-english/frontend/src/components/MorseReference.jsx","statementMap":{"0":{"start":{"line":4,"column":23},"end":{"line":120,"column":1}},"1":{"start":{"line":5,"column":30},"end":{"line":5,"column":45}},"2":{"start":{"line":6,"column":36},"end":{"line":6,"column":55}},"3":{"start":{"line":8,"column":20},"end":{"line":26,"column":3}},"4":{"start":{"line":28,"column":26},"end":{"line":30,"column":3}},"5":{"start":{"line":29,"column":4},"end":{"line":29,"column":23}},"6":{"start":{"line":32,"column":27},"end":{"line":43,"column":3}},"7":{"start":{"line":33,"column":4},"end":{"line":42,"column":6}},"8":{"start":{"line":36,"column":10},"end":{"line":39,"column":16}},"9":{"start":{"line":45,"column":2},"end":{"line":119,"column":4}},"10":{"start":{"line":68,"column":29},"end":{"line":68,"column":52}},"11":{"start":{"line":74,"column":29},"end":{"line":74,"column":52}},"12":{"start":{"line":80,"column":29},"end":{"line":80,"column":56}}},"fnMap":{"0":{"name":"(anonymous_0)","decl":{"start":{"line":4,"column":23},"end":{"line":4,"column":24}},"loc":{"start":{"line":4,"column":29},"end":{"line":120,"column":1}},"line":4},"1":{"name":"(anonymous_1)","decl":{"start":{"line":28,"column":26},"end":{"line":28,"column":27}},"loc":{"start":{"line":28,"column":32},"end":{"line":30,"column":3}},"line":28},"2":{"name":"(anonymous_2)","decl":{"start":{"line":32,"column":27},"end":{"line":32,"column":28}},"loc":{"start":{"line":32,"column":37},"end":{"line":43,"column":3}},"line":32},"3":{"name":"(anonymous_3)","decl":{"start":{"line":35,"column":34},"end":{"line":35,"column":35}},"loc":{"start":{"line":36,"column":10},"end":{"line":39,"column":16}},"line":36},"4":{"name":"(anonymous_4)","decl":{"start":{"line":68,"column":23},"end":{"line":68,"column":24}},"loc":{"start":{"line":68,"column":29},"end":{"line":68,"column":52}},"line":68},"5":{"name":"(anonymous_5)","decl":{"start":{"line":74,"column":23},"end":{"line":74,"column":24}},"loc":{"start":{"line":74,"column":29},"end":{"line":74,"column":52}},"line":74},"6":{"name":"(anonymous_6)","decl":{"start":{"line":80,"column":23},"end":{"line":80,"column":24}},"loc":{"start":{"line":80,"column":29},"end":{"line":80,"column":56}},"line":80}},"branchMap":{"0":{"loc":{"start":{"line":55,"column":44},"end":{"line":55,"column":64}},"type":"cond-expr","locations":[{"start":{"line":55,"column":53},"end":{"line":55,"column":59}},{"start":{"line":55,"column":62},"end":{"line":55,"column":64}}],"line":55},"1":{"loc":{"start":{"line":58,"column":7},"end":{"line":117,"column":7}},"type":"binary-expr","locations":[{"start":{"line":58,"column":7},"end":{"line":58,"column":13}},{"start":{"line":59,"column":8},"end":{"line":116,"column":14}}],"line":58},"2":{"loc":{"start":{"line":67,"column":39},"end":{"line":67,"column":78}},"type":"cond-expr","locations":[{"start":{"line":67,"column":65},"end":{"line":67,"column":73}},{"start":{"line":67,"column":76},"end":{"line":67,"column":78}}],"line":67},"3":{"loc":{"start":{"line":73,"column":39},"end":{"line":73,"column":78}},"type":"cond-expr","locations":[{"start":{"line":73,"column":65},"end":{"line":73,"column":73}},{"start":{"line":73,"column":76},"end":{"line":73,"column":78}}],"line":73},"4":{"loc":{"start":{"line":79,"column":39},"end":{"line":79,"column":82}},"type":"cond-expr","locations":[{"start":{"line":79,"column":69},"end":{"line":79,"column":77}},{"start":{"line":79,"column":80},"end":{"line":79,"column":82}}],"line":79},"5":{"loc":{"start":{"line":87,"column":13},"end":{"line":87,"column":75}},"type":"binary-expr","locations":[{"start":{"line":87,"column":13},"end":{"line":87,"column":36}},{"start":{"line":87,"column":40},"end":{"line":87,"column":75}}],"line":87},"6":{"loc":{"start":{"line":88,"column":13},"end":{"line":88,"column":75}},"type":"binary-expr","locations":[{"start":{"line":88,"column":13},"end":{"line":88,"column":36}},{"start":{"line":88,"column":40},"end":{"line":88,"column":75}}],"line":88},"7":{"loc":{"start":{"line":89,"column":13},"end":{"line":89,"column":83}},"type":"binary-expr","locations":[{"start":{"line":89,"column":13},"end":{"line":89,"column":40}},{"start":{"line":89,"column":44},"end":{"line":89,"column":83}}],"line":89}},"s":{"0":0,"1":0,"2":0,"3":0,"4":0,"5":0,"6":0,"7":0,"8":0,"9":0,"10":0,"11":0,"12":0},"f":{"0":0,"1":0,"2":0,"3":0,"4":0,"5":0,"6":0},"b":{"0":[0,0],"1":[0,0],"2":[0,0],"3":[0,0],"4":[0,0],"5":[0,0],"6":[0,0],"7":[0,0]}}
,"/home/srawlins/workspace/github/sean/morse-to-english/frontend/src/components/MorseTranslator.jsx": {"path":"/home/srawlins/workspace/github/sean/morse-to-english/frontend/src/components/MorseTranslator.jsx","statementMap":{"0":{"start":{"line":7,"column":24},"end":{"line":257,"column":1}},"1":{"start":{"line":8,"column":26},"end":{"line":8,"column":54}},"2":{"start":{"line":9,"column":28},"end":{"line":9,"column":40}},"3":{"start":{"line":10,"column":30},"end":{"line":10,"column":42}},"4":{"start":{"line":11,"column":36},"end":{"line":11,"column":51}},"5":{"start":{"line":12,"column":28},"end":{"line":12,"column":40}},"6":{"start":{"line":13,"column":32},"end":{"line":13,"column":44}},"7":{"start":{"line":16,"column":27},"end":{"line":16,"column":39}},"8":{"start":{"line":18,"column":24},"end":{"line":21,"column":8}},"9":{"start":{"line":19,"column":4},"end":{"line":19,"column":17}},"10":{"start":{"line":20,"column":4},"end":{"line":20,"column":19}},"11":{"start":{"line":23,"column":26},"end":{"line":58,"column":34}},"12":{"start":{"line":24,"column":4},"end":{"line":28,"column":5}},"13":{"start":{"line":25,"column":6},"end":{"line":25,"column":20}},"14":{"start":{"line":26,"column":6},"end":{"line":26,"column":22}},"15":{"start":{"line":27,"column":6},"end":{"line":27,"column":13}},"16":{"start":{"line":30,"column":4},"end":{"line":30,"column":23}},"17":{"start":{"line":31,"column":4},"end":{"line":31,"column":20}},"18":{"start":{"line":33,"column":4},"end":{"line":57,"column":5}},"19":{"start":{"line":36,"column":6},"end":{"line":51,"column":7}},"20":{"start":{"line":37,"column":8},"end":{"line":37,"column":58}},"21":{"start":{"line":38,"column":8},"end":{"line":38,"column":33}},"22":{"start":{"line":40,"column":8},"end":{"line":40,"column":58}},"23":{"start":{"line":43,"column":8},"end":{"line":50,"column":9}},"24":{"start":{"line":44,"column":10},"end":{"line":44,"column":35}},"25":{"start":{"line":45,"column":10},"end":{"line":47,"column":11}},"26":{"start":{"line":46,"column":12},"end":{"line":46,"column":81}},"27":{"start":{"line":49,"column":10},"end":{"line":49,"column":37}},"28":{"start":{"line":53,"column":6},"end":{"line":53,"column":52}},"29":{"start":{"line":54,"column":6},"end":{"line":54,"column":20}},"30":{"start":{"line":56,"column":6},"end":{"line":56,"column":26}},"31":{"start":{"line":61,"column":2},"end":{"line":117,"column":20}},"32":{"start":{"line":62,"column":4},"end":{"line":64,"column":5}},"33":{"start":{"line":63,"column":6},"end":{"line":63,"column":45}},"34":{"start":{"line":66,"column":4},"end":{"line":110,"column":5}},"35":{"start":{"line":67,"column":20},"end":{"line":103,"column":13}},"36":{"start":{"line":68,"column":8},"end":{"line":68,"column":34}},"37":{"start":{"line":68,"column":27},"end":{"line":68,"column":34}},"38":{"start":{"line":71,"column":8},"end":{"line":102,"column":9}},"39":{"start":{"line":74,"column":10},"end":{"line":97,"column":11}},"40":{"start":{"line":75,"column":12},"end":{"line":75,"column":58}},"41":{"start":{"line":77,"column":12},"end":{"line":77,"column":37}},"42":{"start":{"line":78,"column":12},"end":{"line":78,"column":25}},"43":{"start":{"line":79,"column":12},"end":{"line":79,"column":27}},"44":{"start":{"line":81,"column":12},"end":{"line":81,"column":58}},"45":{"start":{"line":84,"column":12},"end":{"line":96,"column":13}},"46":{"start":{"line":85,"column":14},"end":{"line":85,"column":39}},"47":{"start":{"line":86,"column":14},"end":{"line":86,"column":27}},"48":{"start":{"line":87,"column":14},"end":{"line":91,"column":15}},"49":{"start":{"line":88,"column":16},"end":{"line":88,"column":85}},"50":{"start":{"line":90,"column":16},"end":{"line":90,"column":31}},"51":{"start":{"line":93,"column":14},"end":{"line":93,"column":41}},"52":{"start":{"line":94,"column":14},"end":{"line":94,"column":27}},"53":{"start":{"line":95,"column":14},"end":{"line":95,"column":29}},"54":{"start":{"line":99,"column":10},"end":{"line":99,"column":56}},"55":{"start":{"line":100,"column":10},"end":{"line":100,"column":24}},"56":{"start":{"line":101,"column":10},"end":{"line":101,"column":25}},"57":{"start":{"line":105,"column":6},"end":{"line":105,"column":39}},"58":{"start":{"line":107,"column":6},"end":{"line":107,"column":20}},"59":{"start":{"line":108,"column":6},"end":{"line":108,"column":19}},"60":{"start":{"line":109,"column":6},"end":{"line":109,"column":21}},"61":{"start":{"line":112,"column":4},"end":{"line":116,"column":6}},"62":{"start":{"line":113,"column":6},"end":{"line":115,"column":7}},"63":{"start":{"line":114,"column":8},"end":{"line":114,"column":47}},"64":{"start":{"line":119,"column":27},"end":{"line":124,"column":3}},"65":{"start":{"line":120,"column":4},"end":{"line":120,"column":21}},"66":{"start":{"line":121,"column":4},"end":{"line":121,"column":17}},"67":{"start":{"line":122,"column":4},"end":{"line":122,"column":18}},"68":{"start":{"line":123,"column":4},"end":{"line":123,"column":20}},"69":{"start":{"line":126,"column":28},"end":{"line":128,"column":3}},"70":{"start":{"line":127,"column":4},"end":{"line":127,"column":20}},"71":{"start":{"line":130,"column":22},"end":{"line":134,"column":3}},"72":{"start":{"line":131,"column":4},"end":{"line":131,"column":17}},"73":{"start":{"line":132,"column":4},"end":{"line":132,"column":18}},"74":{"start":{"line":133,"column":4},"end":{"line":133,"column":20}},"75":{"start":{"line":136,"column":21},"end":{"line":144,"column":3}},"76":{"start":{"line":137,"column":4},"end":{"line":143,"column":5}},"77":{"start":{"line":138,"column":22},"end":{"line":138,"column":91}},"78":{"start":{"line":139,"column":6},"end":{"line":139,"column":23}},"79":{"start":{"line":140,"column":6},"end":{"line":140,"column":23}},"80":{"start":{"line":141,"column":6},"end":{"line":141,"column":20}},"81":{"start":{"line":142,"column":6},"end":{"line":142,"column":22}},"82":{"start":{"line":146,"column":29},"end":{"line":152,"column":3}},"83":{"start":{"line":147,"column":4},"end":{"line":151,"column":5}},"84":{"start":{"line":148,"column":6},"end":{"line":148,"column":64}},"85":{"start":{"line":150,"column":6},"end":{"line":150,"column":94}},"86":{"start":{"line":154,"column":24},"end":{"line":156,"column":3}},"87":{"start":{"line":155,"column":4},"end":{"line":155,"column":71}},"88":{"start":{"line":158,"column":25},"end":{"line":160,"column":3}},"89":{"start":{"line":159,"column":4},"end":{"line":159,"column":71}},"90":{"start":{"line":162,"column":23},"end":{"line":168,"column":3}},"91":{"start":{"line":163,"column":4},"end":{"line":167,"column":5}},"92":{"start":{"line":164,"column":6},"end":{"line":164,"column":61}},"93":{"start":{"line":166,"column":6},"end":{"line":166,"column":87}},"94":{"start":{"line":170,"column":2},"end":{"line":256,"column":4}},"95":{"start":{"line":176,"column":25},"end":{"line":176,"column":61}},"96":{"start":{"line":183,"column":25},"end":{"line":183,"column":61}},"97":{"start":{"line":218,"column":25},"end":{"line":218,"column":42}}},"fnMap":{"0":{"name":"(anonymous_0)","decl":{"start":{"line":7,"column":24},"end":{"line":7,"column":25}},"loc":{"start":{"line":7,"column":30},"end":{"line":257,"column":1}},"line":7},"1":{"name":"(anonymous_1)","decl":{"start":{"line":18,"column":36},"end":{"line":18,"column":37}},"loc":{"start":{"line":18,"column":42},"end":{"line":21,"column":3}},"line":18},"2":{"name":"(anonymous_2)","decl":{"start":{"line":23,"column":38},"end":{"line":23,"column":39}},"loc":{"start":{"line":23,"column":67},"end":{"line":58,"column":3}},"line":23},"3":{"name":"(anonymous_3)","decl":{"start":{"line":61,"column":12},"end":{"line":61,"column":13}},"loc":{"start":{"line":61,"column":18},"end":{"line":117,"column":3}},"line":61},"4":{"name":"(anonymous_4)","decl":{"start":{"line":67,"column":31},"end":{"line":67,"column":32}},"loc":{"start":{"line":67,"column":43},"end":{"line":103,"column":7}},"line":67},"5":{"name":"(anonymous_5)","decl":{"start":{"line":112,"column":11},"end":{"line":112,"column":12}},"loc":{"start":{"line":112,"column":17},"end":{"line":116,"column":5}},"line":112},"6":{"name":"(anonymous_6)","decl":{"start":{"line":119,"column":27},"end":{"line":119,"column":28}},"loc":{"start":{"line":119,"column":40},"end":{"line":124,"column":3}},"line":119},"7":{"name":"(anonymous_7)","decl":{"start":{"line":126,"column":28},"end":{"line":126,"column":29}},"loc":{"start":{"line":126,"column":39},"end":{"line":128,"column":3}},"line":126},"8":{"name":"(anonymous_8)","decl":{"start":{"line":130,"column":22},"end":{"line":130,"column":23}},"loc":{"start":{"line":130,"column":28},"end":{"line":134,"column":3}},"line":130},"9":{"name":"(anonymous_9)","decl":{"start":{"line":136,"column":21},"end":{"line":136,"column":22}},"loc":{"start":{"line":136,"column":27},"end":{"line":144,"column":3}},"line":136},"10":{"name":"(anonymous_10)","decl":{"start":{"line":146,"column":29},"end":{"line":146,"column":30}},"loc":{"start":{"line":146,"column":35},"end":{"line":152,"column":3}},"line":146},"11":{"name":"(anonymous_11)","decl":{"start":{"line":154,"column":24},"end":{"line":154,"column":25}},"loc":{"start":{"line":154,"column":30},"end":{"line":156,"column":3}},"line":154},"12":{"name":"(anonymous_12)","decl":{"start":{"line":158,"column":25},"end":{"line":158,"column":26}},"loc":{"start":{"line":158,"column":31},"end":{"line":160,"column":3}},"line":158},"13":{"name":"(anonymous_13)","decl":{"start":{"line":162,"column":23},"end":{"line":162,"column":24}},"loc":{"start":{"line":162,"column":29},"end":{"line":168,"column":3}},"line":162},"14":{"name":"(anonymous_14)","decl":{"start":{"line":176,"column":19},"end":{"line":176,"column":20}},"loc":{"start":{"line":176,"column":25},"end":{"line":176,"column":61}},"line":176},"15":{"name":"(anonymous_15)","decl":{"start":{"line":183,"column":19},"end":{"line":183,"column":20}},"loc":{"start":{"line":183,"column":25},"end":{"line":183,"column":61}},"line":183},"16":{"name":"(anonymous_16)","decl":{"start":{"line":218,"column":19},"end":{"line":218,"column":20}},"loc":{"start":{"line":218,"column":25},"end":{"line":218,"column":42}},"line":218}},"branchMap":{"0":{"loc":{"start":{"line":23,"column":45},"end":{"line":23,"column":62}},"type":"default-arg","locations":[{"start":{"line":23,"column":57},"end":{"line":23,"column":62}}],"line":23},"1":{"loc":{"start":{"line":24,"column":4},"end":{"line":28,"column":5}},"type":"if","locations":[{"start":{"line":24,"column":4},"end":{"line":28,"column":5}},{"start":{},"end":{}}],"line":24},"2":{"loc":{"start":{"line":36,"column":6},"end":{"line":51,"column":7}},"type":"if","locations":[{"start":{"line":36,"column":6},"end":{"line":51,"column":7}},{"start":{"line":39,"column":13},"end":{"line":51,"column":7}}],"line":36},"3":{"loc":{"start":{"line":43,"column":8},"end":{"line":50,"column":9}},"type":"if","locations":[{"start":{"line":43,"column":8},"end":{"line":50,"column":9}},{"start":{"line":48,"column":15},"end":{"line":50,"column":9}}],"line":43},"4":{"loc":{"start":{"line":45,"column":10},"end":{"line":47,"column":11}},"type":"if","locations":[{"start":{"line":45,"column":10},"end":{"line":47,"column":11}},{"start":{},"end":{}}],"line":45},"5":{"loc":{"start":{"line":53,"column":15},"end":{"line":53,"column":50}},"type":"binary-expr","locations":[{"start":{"line":53,"column":15},"end":{"line":53,"column":26}},{"start":{"line":53,"column":30},"end":{"line":53,"column":50}}],"line":53},"6":{"loc":{"start":{"line":62,"column":4},"end":{"line":64,"column":5}},"type":"if","locations":[{"start":{"line":62,"column":4},"end":{"line":64,"column":5}},{"start":{},"end":{}}],"line":62},"7":{"loc":{"start":{"line":66,"column":4},"end":{"line":110,"column":5}},"type":"if","locations":[{"start":{"line":66,"column":4},"end":{"line":110,"column":5}},{"start":{"line":106,"column":11},"end":{"line":110,"column":5}}],"line":66},"8":{"loc":{"start":{"line":68,"column":8},"end":{"line":68,"column":34}},"type":"if","locations":[{"start":{"line":68,"column":8},"end":{"line":68,"column":34}},{"start":{},"end":{}}],"line":68},"9":{"loc":{"start":{"line":74,"column":10},"end":{"line":97,"column":11}},"type":"if","locations":[{"start":{"line":74,"column":10},"end":{"line":97,"column":11}},{"start":{"line":80,"column":17},"end":{"line":97,"column":11}}],"line":74},"10":{"loc":{"start":{"line":84,"column":12},"end":{"line":96,"column":13}},"type":"if","locations":[{"start":{"line":84,"column":12},"end":{"line":96,"column":13}},{"start":{"line":92,"column":19},"end":{"line":96,"column":13}}],"line":84},"11":{"loc":{"start":{"line":87,"column":14},"end":{"line":91,"column":15}},"type":"if","locations":[{"start":{"line":87,"column":14},"end":{"line":91,"column":15}},{"start":{"line":89,"column":21},"end":{"line":91,"column":15}}],"line":87},"12":{"loc":{"start":{"line":99,"column":19},"end":{"line":99,"column":54}},"type":"binary-expr","locations":[{"start":{"line":99,"column":19},"end":{"line":99,"column":30}},{"start":{"line":99,"column":34},"end":{"line":99,"column":54}}],"line":99},"13":{"loc":{"start":{"line":113,"column":6},"end":{"line":115,"column":7}},"type":"if","locations":[{"start":{"line":113,"column":6},"end":{"line":115,"column":7}},{"start":{},"end":{}}],"line":113},"14":{"loc":{"start":{"line":137,"column":4},"end":{"line":143,"column":5}},"type":"if","locations":[{"start":{"line":137,"column":4},"end":{"line":143,"column":5}},{"start":{},"end":{}}],"line":137},"15":{"loc":{"start":{"line":137,"column":8},"end":{"line":137,"column":51}},"type":"binary-expr","locations":[{"start":{"line":137,"column":8},"end":{"line":137,"column":34}},{"start":{"line":137,"column":38},"end":{"line":137,"column":51}}],"line":137},"16":{"loc":{"start":{"line":138,"column":22},"end":{"line":138,"column":91}},"type":"cond-expr","locations":[{"start":{"line":138,"column":52},"end":{"line":138,"column":70}},{"start":{"line":138,"column":73},"end":{"line":138,"column":91}}],"line":138},"17":{"loc":{"start":{"line":147,"column":4},"end":{"line":151,"column":5}},"type":"if","locations":[{"start":{"line":147,"column":4},"end":{"line":151,"column":5}},{"start":{"line":149,"column":11},"end":{"line":151,"column":5}}],"line":147},"18":{"loc":{"start":{"line":155,"column":11},"end":{"line":155,"column":70}},"type":"cond-expr","locations":[{"start":{"line":155,"column":41},"end":{"line":155,"column":55}},{"start":{"line":155,"column":58},"end":{"line":155,"column":70}}],"line":155},"19":{"loc":{"start":{"line":159,"column":11},"end":{"line":159,"column":70}},"type":"cond-expr","locations":[{"start":{"line":159,"column":41},"end":{"line":159,"column":53}},{"start":{"line":159,"column":56},"end":{"line":159,"column":70}}],"line":159},"20":{"loc":{"start":{"line":163,"column":4},"end":{"line":167,"column":5}},"type":"if","locations":[{"start":{"line":163,"column":4},"end":{"line":167,"column":5}},{"start":{"line":165,"column":11},"end":{"line":167,"column":5}}],"line":163},"21":{"loc":{"start":{"line":175,"column":36},"end":{"line":175,"column":79}},"type":"cond-expr","locations":[{"start":{"line":175,"column":66},"end":{"line":175,"column":74}},{"start":{"line":175,"column":77},"end":{"line":175,"column":79}}],"line":175},"22":{"loc":{"start":{"line":182,"column":36},"end":{"line":182,"column":79}},"type":"cond-expr","locations":[{"start":{"line":182,"column":66},"end":{"line":182,"column":74}},{"start":{"line":182,"column":77},"end":{"line":182,"column":79}}],"line":182},"23":{"loc":{"start":{"line":191,"column":7},"end":{"line":195,"column":7}},"type":"binary-expr","locations":[{"start":{"line":191,"column":7},"end":{"line":191,"column":12}},{"start":{"line":192,"column":8},"end":{"line":194,"column":14}}],"line":191},"24":{"loc":{"start":{"line":198,"column":7},"end":{"line":202,"column":7}},"type":"binary-expr","locations":[{"start":{"line":198,"column":7},"end":{"line":198,"column":14}},{"start":{"line":199,"column":8},"end":{"line":201,"column":14}}],"line":198},"25":{"loc":{"start":{"line":219,"column":20},"end":{"line":219,"column":46}},"type":"binary-expr","locations":[{"start":{"line":219,"column":20},"end":{"line":219,"column":33}},{"start":{"line":219,"column":37},"end":{"line":219,"column":46}}],"line":219},"26":{"loc":{"start":{"line":221,"column":11},"end":{"line":228,"column":11}},"type":"cond-expr","locations":[{"start":{"line":222,"column":12},"end":{"line":225,"column":15}},{"start":{"line":227,"column":12},"end":{"line":227,"column":23}}],"line":221},"27":{"loc":{"start":{"line":234,"column":20},"end":{"line":234,"column":65}},"type":"binary-expr","locations":[{"start":{"line":234,"column":20},"end":{"line":234,"column":27}},{"start":{"line":234,"column":31},"end":{"line":234,"column":52}},{"start":{"line":234,"column":56},"end":{"line":234,"column":65}}],"line":234},"28":{"loc":{"start":{"line":243,"column":20},"end":{"line":243,"column":37}},"type":"binary-expr","locations":[{"start":{"line":243,"column":20},"end":{"line":243,"column":26}},{"start":{"line":243,"column":30},"end":{"line":243,"column":37}}],"line":243}},"s":{"0":0,"1":0,"2":0,"3":0,"4":0,"5":0,"6":0,"7":0,"8":0,"9":0,"10":0,"11":0,"12":0,"13":0,"14":0,"15":0,"16":0,"17":0,"18":0,"19":0,"20":0,"21":0,"22":0,"23":0,"24":0,"25":0,"26":0,"27":0,"28":0,"29":0,"30":0,"31":0,"32":0,"33":0,"34":0,"35":0,"36":0,"37":0,"38":0,"39":0,"40":0,"41":0,"42":0,"43":0,"44":0,"45":0,"46":0,"47":0,"48":0,"49":0,"50":0,"51":0,"52":0,"53":0,"54":0,"55":0,"56":0,"57":0,"58":0,"59":0,"60":0,"61":0,"62":0,"63":0,"64":0,"65":0,"66":0,"67":0,"68":0,"69":0,"70":0,"71":0,"72":0,"73":0,"74":0,"75":0,"76":0,"77":0,"78":0,"79":0,"80":0,"81":0,"82":0,"83":0,"84":0,"85":0,"86":0,"87":0,"88":0,"89":0,"90":0,"91":0,"92":0,"93":0,"94":0,"95":0,"96":0,"97":0},"f":{"0":0,"1":0,"2":0,"3":0,"4":0,"5":0,"6":0,"7":0,"8":0,"9":0,"10":0,"11":0,"12":0,"13":0,"14":0,"15":0,"16":0},"b":{"0":[0],"1":[0,0],"2":[0,0],"3":[0,0],"4":[0,0],"5":[0,0],"6":[0,0],"7":[0,0],"8":[0,0],"9":[0,0],"10":[0,0],"11":[0,0],"12":[0,0],"13":[0,0],"14":[0,0],"15":[0,0],"16":[0,0],"17":[0,0],"18":[0,0],"19":[0,0],"20":[0,0],"21":[0,0],"22":[0,0],"23":[0,0],"24":[0,0],"25":[0,0],"26":[0,0],"27":[0,0,0],"28":[0,0]}}
,"/home/srawlins/workspace/github/sean/morse-to-english/frontend/src/components/Toast.jsx": {"path":"/home/srawlins/workspace/github/sean/morse-to-english/frontend/src/components/Toast.jsx","statementMap":{"0":{"start":{"line":4,"column":14},"end":{"line":66,"column":1}},"1":{"start":{"line":11,"column":36},"end":{"line":11,"column":50}},"2":{"start":{"line":12,"column":40},"end":{"line":12,"column":55}},"3":{"start":{"line":14,"column":2},"end":{"line":25,"column":23}},"4":{"start":{"line":15,"column":4},"end":{"line":24,"column":5}},"5":{"start":{"line":16,"column":6},"end":{"line":16,"column":25}},"6":{"start":{"line":17,"column":6},"end":{"line":17,"column":27}},"7":{"start":{"line":19,"column":20},"end":{"line":21,"column":18}},"8":{"start":{"line":20,"column":8},"end":{"line":20,"column":22}},"9":{"start":{"line":23,"column":6},"end":{"line":23,"column":39}},"10":{"start":{"line":23,"column":19},"end":{"line":23,"column":38}},"11":{"start":{"line":27,"column":22},"end":{"line":33,"column":3}},"12":{"start":{"line":28,"column":4},"end":{"line":28,"column":26}},"13":{"start":{"line":29,"column":4},"end":{"line":32,"column":12}},"14":{"start":{"line":30,"column":6},"end":{"line":30,"column":26}},"15":{"start":{"line":31,"column":6},"end":{"line":31,"column":29}},"16":{"start":{"line":31,"column":19},"end":{"line":31,"column":29}},"17":{"start":{"line":35,"column":18},"end":{"line":47,"column":3}},"18":{"start":{"line":36,"column":4},"end":{"line":46,"column":5}},"19":{"start":{"line":38,"column":8},"end":{"line":38,"column":19}},"20":{"start":{"line":40,"column":8},"end":{"line":40,"column":19}},"21":{"start":{"line":42,"column":8},"end":{"line":42,"column":19}},"22":{"start":{"line":45,"column":8},"end":{"line":45,"column":19}},"23":{"start":{"line":49,"column":2},"end":{"line":49,"column":30}},"24":{"start":{"line":49,"column":18},"end":{"line":49,"column":30}},"25":{"start":{"line":51,"column":2},"end":{"line":65,"column":4}},"26":{"start":{"line":69,"column":30},"end":{"line":84,"column":1}},"27":{"start":{"line":70,"column":2},"end":{"line":83,"column":4}},"28":{"start":{"line":73,"column":8},"end":{"line":80,"column":10}}},"fnMap":{"0":{"name":"(anonymous_0)","decl":{"start":{"line":4,"column":14},"end":{"line":4,"column":15}},"loc":{"start":{"line":10,"column":6},"end":{"line":66,"column":1}},"line":10},"1":{"name":"(anonymous_1)","decl":{"start":{"line":14,"column":12},"end":{"line":14,"column":13}},"loc":{"start":{"line":14,"column":18},"end":{"line":25,"column":3}},"line":14},"2":{"name":"(anonymous_2)","decl":{"start":{"line":19,"column":31},"end":{"line":19,"column":32}},"loc":{"start":{"line":19,"column":37},"end":{"line":21,"column":7}},"line":19},"3":{"name":"(anonymous_3)","decl":{"start":{"line":23,"column":13},"end":{"line":23,"column":14}},"loc":{"start":{"line":23,"column":19},"end":{"line":23,"column":38}},"line":23},"4":{"name":"(anonymous_4)","decl":{"start":{"line":27,"column":22},"end":{"line":27,"column":23}},"loc":{"start":{"line":27,"column":28},"end":{"line":33,"column":3}},"line":27},"5":{"name":"(anonymous_5)","decl":{"start":{"line":29,"column":15},"end":{"line":29,"column":16}},"loc":{"start":{"line":29,"column":21},"end":{"line":32,"column":5}},"line":29},"6":{"name":"(anonymous_6)","decl":{"start":{"line":35,"column":18},"end":{"line":35,"column":19}},"loc":{"start":{"line":35,"column":24},"end":{"line":47,"column":3}},"line":35},"7":{"name":"(anonymous_7)","decl":{"start":{"line":69,"column":30},"end":{"line":69,"column":31}},"loc":{"start":{"line":69,"column":51},"end":{"line":84,"column":1}},"line":69},"8":{"name":"(anonymous_8)","decl":{"start":{"line":72,"column":18},"end":{"line":72,"column":19}},"loc":{"start":{"line":73,"column":8},"end":{"line":80,"column":10}},"line":73}},"branchMap":{"0":{"loc":{"start":{"line":6,"column":2},"end":{"line":6,"column":15}},"type":"default-arg","locations":[{"start":{"line":6,"column":9},"end":{"line":6,"column":15}}],"line":6},"1":{"loc":{"start":{"line":7,"column":2},"end":{"line":7,"column":17}},"type":"default-arg","locations":[{"start":{"line":7,"column":13},"end":{"line":7,"column":17}}],"line":7},"2":{"loc":{"start":{"line":9,"column":2},"end":{"line":9,"column":14}},"type":"default-arg","locations":[{"start":{"line":9,"column":9},"end":{"line":9,"column":14}}],"line":9},"3":{"loc":{"start":{"line":15,"column":4},"end":{"line":24,"column":5}},"type":"if","locations":[{"start":{"line":15,"column":4},"end":{"line":24,"column":5}},{"start":{},"end":{}}],"line":15},"4":{"loc":{"start":{"line":31,"column":6},"end":{"line":31,"column":29}},"type":"if","locations":[{"start":{"line":31,"column":6},"end":{"line":31,"column":29}},{"start":{},"end":{}}],"line":31},"5":{"loc":{"start":{"line":36,"column":4},"end":{"line":46,"column":5}},"type":"switch","locations":[{"start":{"line":37,"column":6},"end":{"line":38,"column":19}},{"start":{"line":39,"column":6},"end":{"line":40,"column":19}},{"start":{"line":41,"column":6},"end":{"line":42,"column":19}},{"start":{"line":43,"column":6},"end":{"line":43,"column":18}},{"start":{"line":44,"column":6},"end":{"line":45,"column":19}}],"line":36},"6":{"loc":{"start":{"line":49,"column":2},"end":{"line":49,"column":30}},"type":"if","locations":[{"start":{"line":49,"column":2},"end":{"line":49,"column":30}},{"start":{},"end":{}}],"line":49},"7":{"loc":{"start":{"line":52,"column":43},"end":{"line":52,"column":84}},"type":"cond-expr","locations":[{"start":{"line":52,"column":57},"end":{"line":52,"column":69}},{"start":{"line":52,"column":72},"end":{"line":52,"column":84}}],"line":52},"8":{"loc":{"start":{"line":69,"column":33},"end":{"line":69,"column":44}},"type":"default-arg","locations":[{"start":{"line":69,"column":42},"end":{"line":69,"column":44}}],"line":69},"9":{"loc":{"start":{"line":74,"column":15},"end":{"line":74,"column":32}},"type":"binary-expr","locations":[{"start":{"line":74,"column":15},"end":{"line":74,"column":23}},{"start":{"line":74,"column":27},"end":{"line":74,"column":32}}],"line":74}},"s":{"0":0,"1":0,"2":0,"3":0,"4":0,"5":0,"6":0,"7":0,"8":0,"9":0,"10":0,"11":0,"12":0,"13":0,"14":0,"15":0,"16":0,"17":0,"18":0,"19":0,"20":0,"21":0,"22":0,"23":0,"24":0,"25":0,"26":0,"27":0,"28":0},"f":{"0":0,"1":0,"2":0,"3":0,"4":0,"5":0,"6":0,"7":0,"8":0},"b":{"0":[0],"1":[0],"2":[0],"3":[0,0],"4":[0,0],"5":[0,0,0,0,0],"6":[0,0],"7":[0,0],"8":[0],"9":[0,0]}}
,"/home/srawlins/workspace/github/sean/morse-to-english/frontend/src/components/TranslationInput.jsx": {"path":"/home/srawlins/workspace/github/sean/morse-to-english/frontend/src/components/TranslationInput.jsx","statementMap":{"0":{"start":{"line":3,"column":25},"end":{"line":110,"column":1}},"1":{"start":{"line":11,"column":22},"end":{"line":11,"column":34}},"2":{"start":{"line":12,"column":28},"end":{"line":12,"column":37}},"3":{"start":{"line":13,"column":24},"end":{"line":13,"column":37}},"4":{"start":{"line":14,"column":30},"end":{"line":14,"column":43}},"5":{"start":{"line":17,"column":22},"end":{"line":20,"column":8}},"6":{"start":{"line":18,"column":4},"end":{"line":18,"column":33}},"7":{"start":{"line":19,"column":4},"end":{"line":19,"column":40}},"8":{"start":{"line":22,"column":21},"end":{"line":27,"column":8}},"9":{"start":{"line":24,"column":4},"end":{"line":26,"column":5}},"10":{"start":{"line":25,"column":6},"end":{"line":25,"column":36}},"11":{"start":{"line":29,"column":23},"end":{"line":34,"column":16}},"12":{"start":{"line":31,"column":30},"end":{"line":31,"column":53}},"13":{"start":{"line":32,"column":4},"end":{"line":32,"column":50}},"14":{"start":{"line":33,"column":4},"end":{"line":33,"column":29}},"15":{"start":{"line":37,"column":2},"end":{"line":74,"column":5}},"16":{"start":{"line":38,"column":21},"end":{"line":38,"column":40}},"17":{"start":{"line":39,"column":4},"end":{"line":73,"column":5}},"18":{"start":{"line":43,"column":6},"end":{"line":47,"column":7}},"19":{"start":{"line":44,"column":8},"end":{"line":44,"column":43}},"20":{"start":{"line":45,"column":8},"end":{"line":45,"column":25}},"21":{"start":{"line":46,"column":8},"end":{"line":46,"column":89}},"22":{"start":{"line":50,"column":24},"end":{"line":57,"column":11}},"23":{"start":{"line":51,"column":8},"end":{"line":55,"column":9}},"24":{"start":{"line":52,"column":10},"end":{"line":52,"column":45}},"25":{"start":{"line":53,"column":10},"end":{"line":53,"column":27}},"26":{"start":{"line":54,"column":10},"end":{"line":54,"column":91}},"27":{"start":{"line":56,"column":8},"end":{"line":56,"column":44}},"28":{"start":{"line":60,"column":20},"end":{"line":67,"column":8}},"29":{"start":{"line":61,"column":8},"end":{"line":65,"column":9}},"30":{"start":{"line":62,"column":10},"end":{"line":62,"column":45}},"31":{"start":{"line":63,"column":10},"end":{"line":63,"column":27}},"32":{"start":{"line":64,"column":10},"end":{"line":64,"column":91}},"33":{"start":{"line":66,"column":8},"end":{"line":66,"column":44}},"34":{"start":{"line":69,"column":6},"end":{"line":72,"column":8}},"35":{"start":{"line":70,"column":8},"end":{"line":70,"column":32}},"36":{"start":{"line":71,"column":8},"end":{"line":71,"column":36}},"37":{"start":{"line":77,"column":25},"end":{"line":77,"column":68}},"38":{"start":{"line":77,"column":39},"end":{"line":77,"column":51}},"39":{"start":{"line":78,"column":20},"end":{"line":78,"column":24}},"40":{"start":{"line":80,"column":2},"end":{"line":109,"column":4}}},"fnMap":{"0":{"name":"(anonymous_0)","decl":{"start":{"line":3,"column":25},"end":{"line":3,"column":26}},"loc":{"start":{"line":10,"column":6},"end":{"line":110,"column":1}},"line":10},"1":{"name":"(anonymous_1)","decl":{"start":{"line":17,"column":34},"end":{"line":17,"column":35}},"loc":{"start":{"line":17,"column":40},"end":{"line":20,"column":3}},"line":17},"2":{"name":"(anonymous_2)","decl":{"start":{"line":22,"column":33},"end":{"line":22,"column":34}},"loc":{"start":{"line":22,"column":40},"end":{"line":27,"column":3}},"line":22},"3":{"name":"(anonymous_3)","decl":{"start":{"line":29,"column":35},"end":{"line":29,"column":36}},"loc":{"start":{"line":29,"column":42},"end":{"line":34,"column":3}},"line":29},"4":{"name":"(anonymous_4)","decl":{"start":{"line":37,"column":12},"end":{"line":37,"column":13}},"loc":{"start":{"line":37,"column":18},"end":{"line":74,"column":3}},"line":37},"5":{"name":"(anonymous_5)","decl":{"start":{"line":50,"column":35},"end":{"line":50,"column":36}},"loc":{"start":{"line":50,"column":41},"end":{"line":57,"column":7}},"line":50},"6":{"name":"(anonymous_6)","decl":{"start":{"line":60,"column":42},"end":{"line":60,"column":43}},"loc":{"start":{"line":60,"column":48},"end":{"line":67,"column":7}},"line":60},"7":{"name":"(anonymous_7)","decl":{"start":{"line":69,"column":13},"end":{"line":69,"column":14}},"loc":{"start":{"line":69,"column":19},"end":{"line":72,"column":7}},"line":69},"8":{"name":"(anonymous_8)","decl":{"start":{"line":77,"column":33},"end":{"line":77,"column":34}},"loc":{"start":{"line":77,"column":39},"end":{"line":77,"column":51}},"line":77}},"branchMap":{"0":{"loc":{"start":{"line":9,"column":2},"end":{"line":9,"column":18}},"type":"default-arg","locations":[{"start":{"line":9,"column":13},"end":{"line":9,"column":18}}],"line":9},"1":{"loc":{"start":{"line":24,"column":4},"end":{"line":26,"column":5}},"type":"if","locations":[{"start":{"line":24,"column":4},"end":{"line":26,"column":5}},{"start":{},"end":{}}],"line":24},"2":{"loc":{"start":{"line":39,"column":4},"end":{"line":73,"column":5}},"type":"if","locations":[{"start":{"line":39,"column":4},"end":{"line":73,"column":5}},{"start":{},"end":{}}],"line":39},"3":{"loc":{"start":{"line":39,"column":8},"end":{"line":39,"column":54}},"type":"binary-expr","locations":[{"start":{"line":39,"column":8},"end":{"line":39,"column":16}},{"start":{"line":39,"column":20},"end":{"line":39,"column":41}},{"start":{"line":39,"column":45},"end":{"line":39,"column":54}}],"line":39},"4":{"loc":{"start":{"line":43,"column":6},"end":{"line":47,"column":7}},"type":"if","locations":[{"start":{"line":43,"column":6},"end":{"line":47,"column":7}},{"start":{},"end":{}}],"line":43},"5":{"loc":{"start":{"line":51,"column":8},"end":{"line":55,"column":9}},"type":"if","locations":[{"start":{"line":51,"column":8},"end":{"line":55,"column":9}},{"start":{},"end":{}}],"line":51},"6":{"loc":{"start":{"line":51,"column":12},"end":{"line":51,"column":84}},"type":"binary-expr","locations":[{"start":{"line":51,"column":12},"end":{"line":51,"column":20}},{"start":{"line":51,"column":24},"end":{"line":51,"column":45}},{"start":{"line":51,"column":49},"end":{"line":51,"column":84}}],"line":51},"7":{"loc":{"start":{"line":61,"column":8},"end":{"line":65,"column":9}},"type":"if","locations":[{"start":{"line":61,"column":8},"end":{"line":65,"column":9}},{"start":{},"end":{}}],"line":61},"8":{"loc":{"start":{"line":61,"column":12},"end":{"line":61,"column":84}},"type":"binary-expr","locations":[{"start":{"line":61,"column":12},"end":{"line":61,"column":20}},{"start":{"line":61,"column":24},"end":{"line":61,"column":45}},{"start":{"line":61,"column":49},"end":{"line":61,"column":84}}],"line":61}},"s":{"0":0,"1":0,"2":0,"3":0,"4":0,"5":0,"6":0,"7":0,"8":0,"9":0,"10":0,"11":0,"12":0,"13":0,"14":0,"15":0,"16":0,"17":0,"18":0,"19":0,"20":0,"21":0,"22":0,"23":0,"24":0,"25":0,"26":0,"27":0,"28":0,"29":0,"30":0,"31":0,"32":0,"33":0,"34":0,"35":0,"36":0,"37":0,"38":0,"39":0,"40":0},"f":{"0":0,"1":0,"2":0,"3":0,"4":0,"5":0,"6":0,"7":0,"8":0},"b":{"0":[0],"1":[0,0],"2":[0,0],"3":[0,0,0],"4":[0,0],"5":[0,0],"6":[0,0,0],"7":[0,0],"8":[0,0,0]}}
,"/home/srawlins/workspace/github/sean/morse-to-english/frontend/src/components/TranslationOutput.jsx": {"path":"/home/srawlins/workspace/github/sean/morse-to-english/frontend/src/components/TranslationOutput.jsx","statementMap":{"0":{"start":{"line":3,"column":26},"end":{"line":122,"column":1}},"1":{"start":{"line":4,"column":40},"end":{"line":4,"column":54}},"2":{"start":{"line":6,"column":21},"end":{"line":34,"column":3}},"3":{"start":{"line":7,"column":4},"end":{"line":33,"column":5}},"4":{"start":{"line":8,"column":6},"end":{"line":8,"column":48}},"5":{"start":{"line":9,"column":6},"end":{"line":9,"column":28}},"6":{"start":{"line":12,"column":6},"end":{"line":14,"column":15}},"7":{"start":{"line":13,"column":8},"end":{"line":13,"column":29}},"8":{"start":{"line":16,"column":6},"end":{"line":16,"column":49}},"9":{"start":{"line":19,"column":23},"end":{"line":19,"column":57}},"10":{"start":{"line":20,"column":6},"end":{"line":20,"column":28}},"11":{"start":{"line":21,"column":6},"end":{"line":21,"column":42}},"12":{"start":{"line":22,"column":6},"end":{"line":22,"column":24}},"13":{"start":{"line":23,"column":6},"end":{"line":31,"column":7}},"14":{"start":{"line":24,"column":8},"end":{"line":24,"column":37}},"15":{"start":{"line":25,"column":8},"end":{"line":25,"column":30}},"16":{"start":{"line":26,"column":8},"end":{"line":28,"column":17}},"17":{"start":{"line":27,"column":10},"end":{"line":27,"column":31}},"18":{"start":{"line":30,"column":8},"end":{"line":30,"column":60}},"19":{"start":{"line":32,"column":6},"end":{"line":32,"column":42}},"20":{"start":{"line":36,"column":29},"end":{"line":59,"column":3}},"21":{"start":{"line":37,"column":20},"end":{"line":37,"column":51}},"22":{"start":{"line":39,"column":4},"end":{"line":58,"column":6}},"23":{"start":{"line":46,"column":29},"end":{"line":46,"column":57}},"24":{"start":{"line":61,"column":32},"end":{"line":108,"column":3}},"25":{"start":{"line":62,"column":25},"end":{"line":62,"column":81}},"26":{"start":{"line":62,"column":50},"end":{"line":62,"column":80}},"27":{"start":{"line":64,"column":4},"end":{"line":66,"column":5}},"28":{"start":{"line":65,"column":6},"end":{"line":65,"column":36}},"29":{"start":{"line":68,"column":4},"end":{"line":70,"column":5}},"30":{"start":{"line":69,"column":6},"end":{"line":69,"column":49}},"31":{"start":{"line":72,"column":4},"end":{"line":107,"column":6}},"32":{"start":{"line":81,"column":14},"end":{"line":102,"column":20}},"33":{"start":{"line":91,"column":33},"end":{"line":91,"column":58}},"34":{"start":{"line":111,"column":2},"end":{"line":113,"column":3}},"35":{"start":{"line":112,"column":4},"end":{"line":112,"column":34}},"36":{"start":{"line":116,"column":2},"end":{"line":118,"column":3}},"37":{"start":{"line":117,"column":4},"end":{"line":117,"column":41}},"38":{"start":{"line":121,"column":2},"end":{"line":121,"column":36}}},"fnMap":{"0":{"name":"(anonymous_0)","decl":{"start":{"line":3,"column":26},"end":{"line":3,"column":27}},"loc":{"start":{"line":3,"column":55},"end":{"line":122,"column":1}},"line":3},"1":{"name":"(anonymous_1)","decl":{"start":{"line":6,"column":21},"end":{"line":6,"column":22}},"loc":{"start":{"line":6,"column":51},"end":{"line":34,"column":3}},"line":6},"2":{"name":"(anonymous_2)","decl":{"start":{"line":12,"column":17},"end":{"line":12,"column":18}},"loc":{"start":{"line":12,"column":23},"end":{"line":14,"column":7}},"line":12},"3":{"name":"(anonymous_3)","decl":{"start":{"line":26,"column":19},"end":{"line":26,"column":20}},"loc":{"start":{"line":26,"column":25},"end":{"line":28,"column":9}},"line":26},"4":{"name":"(anonymous_4)","decl":{"start":{"line":36,"column":29},"end":{"line":36,"column":30}},"loc":{"start":{"line":36,"column":41},"end":{"line":59,"column":3}},"line":36},"5":{"name":"(anonymous_5)","decl":{"start":{"line":46,"column":23},"end":{"line":46,"column":24}},"loc":{"start":{"line":46,"column":29},"end":{"line":46,"column":57}},"line":46},"6":{"name":"(anonymous_6)","decl":{"start":{"line":61,"column":32},"end":{"line":61,"column":33}},"loc":{"start":{"line":61,"column":45},"end":{"line":108,"column":3}},"line":61},"7":{"name":"(anonymous_7)","decl":{"start":{"line":62,"column":40},"end":{"line":62,"column":41}},"loc":{"start":{"line":62,"column":50},"end":{"line":62,"column":80}},"line":62},"8":{"name":"(anonymous_8)","decl":{"start":{"line":80,"column":30},"end":{"line":80,"column":31}},"loc":{"start":{"line":81,"column":14},"end":{"line":102,"column":20}},"line":81},"9":{"name":"(anonymous_9)","decl":{"start":{"line":91,"column":27},"end":{"line":91,"column":28}},"loc":{"start":{"line":91,"column":33},"end":{"line":91,"column":58}},"line":91}},"branchMap":{"0":{"loc":{"start":{"line":6,"column":34},"end":{"line":6,"column":46}},"type":"default-arg","locations":[{"start":{"line":6,"column":42},"end":{"line":6,"column":46}}],"line":6},"1":{"loc":{"start":{"line":37,"column":20},"end":{"line":37,"column":51}},"type":"binary-expr","locations":[{"start":{"line":37,"column":20},"end":{"line":37,"column":27}},{"start":{"line":37,"column":31},"end":{"line":37,"column":51}}],"line":37},"2":{"loc":{"start":{"line":43,"column":11},"end":{"line":51,"column":11}},"type":"binary-expr","locations":[{"start":{"line":43,"column":11},"end":{"line":43,"column":19}},{"start":{"line":44,"column":12},"end":{"line":50,"column":21}}],"line":43},"3":{"loc":{"start":{"line":45,"column":40},"end":{"line":45,"column":80}},"type":"cond-expr","locations":[{"start":{"line":45,"column":67},"end":{"line":45,"column":75}},{"start":{"line":45,"column":78},"end":{"line":45,"column":80}}],"line":45},"4":{"loc":{"start":{"line":49,"column":15},"end":{"line":49,"column":65}},"type":"cond-expr","locations":[{"start":{"line":49,"column":42},"end":{"line":49,"column":53}},{"start":{"line":49,"column":56},"end":{"line":49,"column":65}}],"line":49},"5":{"loc":{"start":{"line":54,"column":42},"end":{"line":54,"column":64}},"type":"cond-expr","locations":[{"start":{"line":54,"column":52},"end":{"line":54,"column":59}},{"start":{"line":54,"column":62},"end":{"line":54,"column":64}}],"line":54},"6":{"loc":{"start":{"line":55,"column":11},"end":{"line":55,"column":63}},"type":"cond-expr","locations":[{"start":{"line":55,"column":21},"end":{"line":55,"column":54}},{"start":{"line":55,"column":57},"end":{"line":55,"column":63}}],"line":55},"7":{"loc":{"start":{"line":62,"column":50},"end":{"line":62,"column":80}},"type":"binary-expr","locations":[{"start":{"line":62,"column":50},"end":{"line":62,"column":56}},{"start":{"line":62,"column":60},"end":{"line":62,"column":80}}],"line":62},"8":{"loc":{"start":{"line":64,"column":4},"end":{"line":66,"column":5}},"type":"if","locations":[{"start":{"line":64,"column":4},"end":{"line":66,"column":5}},{"start":{},"end":{}}],"line":64},"9":{"loc":{"start":{"line":68,"column":4},"end":{"line":70,"column":5}},"type":"if","locations":[{"start":{"line":68,"column":4},"end":{"line":70,"column":5}},{"start":{},"end":{}}],"line":68},"10":{"loc":{"start":{"line":90,"column":44},"end":{"line":90,"column":81}},"type":"cond-expr","locations":[{"start":{"line":90,"column":68},"end":{"line":90,"column":76}},{"start":{"line":90,"column":79},"end":{"line":90,"column":81}}],"line":90},"11":{"loc":{"start":{"line":100,"column":19},"end":{"line":100,"column":53}},"type":"cond-expr","locations":[{"start":{"line":100,"column":43},"end":{"line":100,"column":46}},{"start":{"line":100,"column":49},"end":{"line":100,"column":53}}],"line":100},"12":{"loc":{"start":{"line":111,"column":2},"end":{"line":113,"column":3}},"type":"if","locations":[{"start":{"line":111,"column":2},"end":{"line":113,"column":3}},{"start":{},"end":{}}],"line":111},"13":{"loc":{"start":{"line":116,"column":2},"end":{"line":118,"column":3}},"type":"if","locations":[{"start":{"line":116,"column":2},"end":{"line":118,"column":3}},{"start":{},"end":{}}],"line":116}},"s":{"0":0,"1":0,"2":0,"3":0,"4":0,"5":0,"6":0,"7":0,"8":0,"9":0,"10":0,"11":0,"12":0,"13":0,"14":0,"15":0,"16":0,"17":0,"18":0,"19":0,"20":0,"21":0,"22":0,"23":0,"24":0,"25":0,"26":0,"27":0,"28":0,"29":0,"30":0,"31":0,"32":0,"33":0,"34":0,"35":0,"36":0,"37":0,"38":0},"f":{"0":0,"1":0,"2":0,"3":0,"4":0,"5":0,"6":0,"7":0,"8":0,"9":0},"b":{"0":[0],"1":[0,0],"2":[0,0],"3":[0,0],"4":[0,0],"5":[0,0],"6":[0,0],"7":[0,0],"8":[0,0],"9":[0,0],"10":[0,0],"11":[0,0],"12":[0,0],"13":[0,0]}}
,"/home/srawlins/workspace/github/sean/morse-to-english/frontend/src/services/api.js": {"path":"/home/srawlins/workspace/github/sean/morse-to-english/frontend/src/services/api.js","statementMap":{"0":{"start":{"line":3,"column":21},"end":{"line":5,"column":34}},"1":{"start":{"line":7,"column":12},"end":{"line":13,"column":2}},"2":{"start":{"line":16,"column":0},"end":{"line":25,"column":2}},"3":{"start":{"line":18,"column":4},"end":{"line":18,"column":82}},"4":{"start":{"line":19,"column":4},"end":{"line":19,"column":18}},"5":{"start":{"line":22,"column":4},"end":{"line":22,"column":43}},"6":{"start":{"line":23,"column":4},"end":{"line":23,"column":33}},"7":{"start":{"line":28,"column":0},"end":{"line":46,"column":2}},"8":{"start":{"line":30,"column":4},"end":{"line":30,"column":20}},"9":{"start":{"line":33,"column":4},"end":{"line":33,"column":71}},"10":{"start":{"line":35,"column":4},"end":{"line":42,"column":5}},"11":{"start":{"line":37,"column":21},"end":{"line":37,"column":48}},"12":{"start":{"line":38,"column":6},"end":{"line":41,"column":7}},"13":{"start":{"line":39,"column":25},"end":{"line":39,"column":62}},"14":{"start":{"line":39,"column":43},"end":{"line":39,"column":50}},"15":{"start":{"line":40,"column":8},"end":{"line":40,"column":57}},"16":{"start":{"line":44,"column":4},"end":{"line":44,"column":16}},"17":{"start":{"line":48,"column":39},"end":{"line":60,"column":1}},"18":{"start":{"line":49,"column":2},"end":{"line":59,"column":3}},"19":{"start":{"line":50,"column":21},"end":{"line":52,"column":6}},"20":{"start":{"line":53,"column":4},"end":{"line":53,"column":25}},"21":{"start":{"line":55,"column":4},"end":{"line":57,"column":5}},"22":{"start":{"line":56,"column":6},"end":{"line":56,"column":49}},"23":{"start":{"line":58,"column":4},"end":{"line":58,"column":65}},"24":{"start":{"line":62,"column":39},"end":{"line":74,"column":1}},"25":{"start":{"line":63,"column":2},"end":{"line":73,"column":3}},"26":{"start":{"line":64,"column":21},"end":{"line":66,"column":6}},"27":{"start":{"line":67,"column":4},"end":{"line":67,"column":25}},"28":{"start":{"line":69,"column":4},"end":{"line":71,"column":5}},"29":{"start":{"line":70,"column":6},"end":{"line":70,"column":49}},"30":{"start":{"line":72,"column":4},"end":{"line":72,"column":65}},"31":{"start":{"line":76,"column":31},"end":{"line":83,"column":1}},"32":{"start":{"line":77,"column":2},"end":{"line":82,"column":3}},"33":{"start":{"line":78,"column":21},"end":{"line":78,"column":45}},"34":{"start":{"line":79,"column":4},"end":{"line":79,"column":25}},"35":{"start":{"line":81,"column":4},"end":{"line":81,"column":51}},"36":{"start":{"line":85,"column":38},"end":{"line":92,"column":1}},"37":{"start":{"line":86,"column":2},"end":{"line":91,"column":3}},"38":{"start":{"line":87,"column":21},"end":{"line":87,"column":59}},"39":{"start":{"line":88,"column":4},"end":{"line":88,"column":25}},"40":{"start":{"line":90,"column":4},"end":{"line":90,"column":58}}},"fnMap":{"0":{"name":"(anonymous_0)","decl":{"start":{"line":17,"column":2},"end":{"line":17,"column":3}},"loc":{"start":{"line":17,"column":14},"end":{"line":20,"column":3}},"line":17},"1":{"name":"(anonymous_1)","decl":{"start":{"line":21,"column":2},"end":{"line":21,"column":3}},"loc":{"start":{"line":21,"column":13},"end":{"line":24,"column":3}},"line":21},"2":{"name":"(anonymous_2)","decl":{"start":{"line":29,"column":2},"end":{"line":29,"column":3}},"loc":{"start":{"line":29,"column":16},"end":{"line":31,"column":3}},"line":29},"3":{"name":"(anonymous_3)","decl":{"start":{"line":32,"column":2},"end":{"line":32,"column":3}},"loc":{"start":{"line":32,"column":13},"end":{"line":45,"column":3}},"line":32},"4":{"name":"(anonymous_4)","decl":{"start":{"line":39,"column":36},"end":{"line":39,"column":37}},"loc":{"start":{"line":39,"column":43},"end":{"line":39,"column":50}},"line":39},"5":{"name":"(anonymous_5)","decl":{"start":{"line":48,"column":39},"end":{"line":48,"column":40}},"loc":{"start":{"line":48,"column":55},"end":{"line":60,"column":1}},"line":48},"6":{"name":"(anonymous_6)","decl":{"start":{"line":62,"column":39},"end":{"line":62,"column":40}},"loc":{"start":{"line":62,"column":60},"end":{"line":74,"column":1}},"line":62},"7":{"name":"(anonymous_7)","decl":{"start":{"line":76,"column":31},"end":{"line":76,"column":32}},"loc":{"start":{"line":76,"column":43},"end":{"line":83,"column":1}},"line":76},"8":{"name":"(anonymous_8)","decl":{"start":{"line":85,"column":38},"end":{"line":85,"column":39}},"loc":{"start":{"line":85,"column":50},"end":{"line":92,"column":1}},"line":85}},"branchMap":{"0":{"loc":{"start":{"line":3,"column":21},"end":{"line":5,"column":34}},"type":"cond-expr","locations":[{"start":{"line":4,"column":4},"end":{"line":4,"column":13}},{"start":{"line":5,"column":4},"end":{"line":5,"column":34}}],"line":3},"1":{"loc":{"start":{"line":33,"column":32},"end":{"line":33,"column":69}},"type":"binary-expr","locations":[{"start":{"line":33,"column":32},"end":{"line":33,"column":52}},{"start":{"line":33,"column":56},"end":{"line":33,"column":69}}],"line":33},"2":{"loc":{"start":{"line":35,"column":4},"end":{"line":42,"column":5}},"type":"if","locations":[{"start":{"line":35,"column":4},"end":{"line":42,"column":5}},{"start":{},"end":{}}],"line":35},"3":{"loc":{"start":{"line":38,"column":6},"end":{"line":41,"column":7}},"type":"if","locations":[{"start":{"line":38,"column":6},"end":{"line":41,"column":7}},{"start":{},"end":{}}],"line":38},"4":{"loc":{"start":{"line":55,"column":4},"end":{"line":57,"column":5}},"type":"if","locations":[{"start":{"line":55,"column":4},"end":{"line":57,"column":5}},{"start":{},"end":{}}],"line":55},"5":{"loc":{"start":{"line":69,"column":4},"end":{"line":71,"column":5}},"type":"if","locations":[{"start":{"line":69,"column":4},"end":{"line":71,"column":5}},{"start":{},"end":{}}],"line":69}},"s":{"0":0,"1":0,"2":0,"3":0,"4":0,"5":0,"6":0,"7":0,"8":0,"9":0,"10":0,"11":0,"12":0,"13":0,"14":0,"15":0,"16":0,"17":0,"18":0,"19":0,"20":0,"21":0,"22":0,"23":0,"24":0,"25":0,"26":0,"27":0,"28":0,"29":0,"30":0,"31":0,"32":0,"33":0,"34":0,"35":0,"36":0,"37":0,"38":0,"39":0,"40":0},"f":{"0":0,"1":0,"2":0,"3":0,"4":0,"5":0,"6":0,"7":0,"8":0},"b":{"0":[0,0],"1":[0,0],"2":[0,0],"3":[0,0],"4":[0,0],"5":[0,0]}}
}
